2025-09-17 11:43:19 - INFO - Aplikasi dimulai
2025-09-17 11:43:47 - INFO - Login attempt for username: nayra
2025-09-17 11:43:47 - WARNING - Failed login attempt for username: nayra
2025-09-17 11:44:01 - INFO - Login attempt for username: nayra
2025-09-17 11:44:01 - WARNING - Failed login attempt for username: nayra
2025-09-17 11:44:08 - INFO - Login attempt for username: nayra
2025-09-17 11:44:08 - INFO - Successful login for user: nayra
2025-09-17 11:49:21 - INFO - Aplikasi dimulai
2025-09-17 11:49:27 - INFO - Login attempt for username: nayra
2025-09-17 11:49:27 - INFO - Successful login for user: nayra
2025-09-17 11:50:52 - INFO - Data submitted by user: nayra - NIM: 2310605006
2025-09-17 11:54:13 - INFO - Aplikasi dimulai
2025-09-17 11:54:20 - INFO - Login attempt for username: nayra
2025-09-17 11:54:20 - INFO - Successful login for user: nayra
2025-09-17 11:54:58 - INFO - Data submitted by user: nayra - NIM: 23106050008
2025-09-17 11:55:00 - INFO - Aplikasi dimulai
2025-09-17 11:56:49 - INFO - Aplikasi dimulai
2025-09-17 11:56:54 - INFO - Login attempt for username: nayra
2025-09-17 11:56:54 - INFO - Successful login for user: nayra
2025-09-17 11:57:35 - INFO - Data submitted by user: nayra - NIM: 23106050008
2025-09-17 11:57:41 - INFO - Data for NIM 23106050008 saved to file 'biodata_nayra_20250917_115739.txt' by user 'nayra'
2025-09-17 11:57:50 - INFO - User logout: nayra
2025-09-17 11:57:54 - INFO - Aplikasi dimulai
2025-09-17 11:57:57 - INFO - Aplikasi dimulai
2025-09-17 11:57:59 - INFO - Aplikasi dimulai
2025-09-17 11:58:02 - INFO - Aplikasi dimulai
